{"name":"searching_by_keyword_apple_should_display_the_corresponding_article","id":"Testare.features.search.SearchByKeywordStory:searching_by_keyword_apple_should_display_the_corresponding_article","testCaseName":"Testare.features.search.SearchByKeywordStory","testSteps":[{"number":1,"description":"Is the home page","duration":13002,"startTime":"2019-08-14T11:22:51.400903700+03:00[Europe/Athens]","screenshots":[{"screenshot":"2cbd7b868351427c0701f9cfa889fbcfb22405f33f6c4047ae5f3e69dd11dd41.png"}],"result":"SUCCESS","precondition":false},{"number":2,"description":"Looks for: apple","duration":36712,"startTime":"2019-08-14T11:23:04.403339100+03:00[Europe/Athens]","screenshots":[{"screenshot":"2cbd7b868351427c0701f9cfa889fbcfb22405f33f6c4047ae5f3e69dd11dd41.png"}],"result":"SUCCESS","precondition":false,"children":[{"number":3,"description":"Enters: apple","duration":1531,"startTime":"2019-08-14T11:23:04.786477400+03:00[Europe/Athens]","screenshots":[{"screenshot":"1bf50dd163957bcaa2b950979597b0ca39c6b793de48eaa1da5deaabb4b80c6d.png"}],"result":"SUCCESS","precondition":false},{"number":4,"description":"Starts search","duration":34796,"startTime":"2019-08-14T11:23:06.319685300+03:00[Europe/Athens]","screenshots":[{"screenshot":"5a46805b5f3646ed1f6d887213312dc3b672e4051b6749418968664560385913.png"}],"exception":{"errorType":"net.thucydides.core.webdriver.exceptions.ElementShouldBeEnabledException","message":"The following error occurred: Expected enabled element was not enabled","stackTrace":[{"moduleName":"java.base","moduleVersion":"11.0.3","declaringClass":"jdk.internal.reflect.NativeMethodAccessorImpl","methodName":"invoke0","fileName":"NativeMethodAccessorImpl.java","lineNumber":-2,"format":2},{"moduleName":"java.base","moduleVersion":"11.0.3","declaringClass":"jdk.internal.reflect.NativeMethodAccessorImpl","methodName":"invoke","fileName":"NativeMethodAccessorImpl.java","lineNumber":62,"format":2},{"moduleName":"java.base","moduleVersion":"11.0.3","declaringClass":"jdk.internal.reflect.DelegatingMethodAccessorImpl","methodName":"invoke","fileName":"DelegatingMethodAccessorImpl.java","lineNumber":43,"format":2},{"classLoaderName":"app","declaringClass":"Testare.pages.DictionaryPage","methodName":"lookup_terms","fileName":"DictionaryPage.java","lineNumber":29,"format":1},{"classLoaderName":"app","declaringClass":"Testare.steps.serenity.EndUserSteps","methodName":"starts_search","fileName":"EndUserSteps.java","lineNumber":22,"format":1},{"classLoaderName":"app","declaringClass":"Testare.steps.serenity.EndUserSteps","methodName":"looks_for","fileName":"EndUserSteps.java","lineNumber":38,"format":1},{"classLoaderName":"app","declaringClass":"Testare.features.search.SearchByKeywordStory","methodName":"searching_by_keyword_apple_should_display_the_corresponding_article","fileName":"SearchByKeywordStory.java","lineNumber":28,"format":1},{"moduleName":"java.base","moduleVersion":"11.0.3","declaringClass":"jdk.internal.reflect.NativeMethodAccessorImpl","methodName":"invoke0","fileName":"NativeMethodAccessorImpl.java","lineNumber":-2,"format":2},{"moduleName":"java.base","moduleVersion":"11.0.3","declaringClass":"jdk.internal.reflect.NativeMethodAccessorImpl","methodName":"invoke","fileName":"NativeMethodAccessorImpl.java","lineNumber":62,"format":2},{"moduleName":"java.base","moduleVersion":"11.0.3","declaringClass":"jdk.internal.reflect.DelegatingMethodAccessorImpl","methodName":"invoke","fileName":"DelegatingMethodAccessorImpl.java","lineNumber":43,"format":2}],"rootCause":{"errorType":"org.openqa.selenium.TimeoutException","message":"Expected condition failed: waiting for DictionaryPage.lookupButton to be enabled (tried for 5 second(s) with 100 MILLISECONDS interval)","stackTrace":[{"moduleName":"java.base","moduleVersion":"11.0.3","declaringClass":"jdk.internal.reflect.NativeMethodAccessorImpl","methodName":"invoke0","fileName":"NativeMethodAccessorImpl.java","lineNumber":-2,"format":2},{"moduleName":"java.base","moduleVersion":"11.0.3","declaringClass":"jdk.internal.reflect.NativeMethodAccessorImpl","methodName":"invoke","fileName":"NativeMethodAccessorImpl.java","lineNumber":62,"format":2},{"moduleName":"java.base","moduleVersion":"11.0.3","declaringClass":"jdk.internal.reflect.DelegatingMethodAccessorImpl","methodName":"invoke","fileName":"DelegatingMethodAccessorImpl.java","lineNumber":43,"format":2},{"classLoaderName":"app","declaringClass":"Testare.pages.DictionaryPage","methodName":"lookup_terms","fileName":"DictionaryPage.java","lineNumber":29,"format":1},{"classLoaderName":"app","declaringClass":"Testare.steps.serenity.EndUserSteps","methodName":"starts_search","fileName":"EndUserSteps.java","lineNumber":22,"format":1},{"classLoaderName":"app","declaringClass":"Testare.steps.serenity.EndUserSteps","methodName":"looks_for","fileName":"EndUserSteps.java","lineNumber":38,"format":1},{"classLoaderName":"app","declaringClass":"Testare.features.search.SearchByKeywordStory","methodName":"searching_by_keyword_apple_should_display_the_corresponding_article","fileName":"SearchByKeywordStory.java","lineNumber":28,"format":1},{"moduleName":"java.base","moduleVersion":"11.0.3","declaringClass":"jdk.internal.reflect.NativeMethodAccessorImpl","methodName":"invoke0","fileName":"NativeMethodAccessorImpl.java","lineNumber":-2,"format":2},{"moduleName":"java.base","moduleVersion":"11.0.3","declaringClass":"jdk.internal.reflect.NativeMethodAccessorImpl","methodName":"invoke","fileName":"NativeMethodAccessorImpl.java","lineNumber":62,"format":2},{"moduleName":"java.base","moduleVersion":"11.0.3","declaringClass":"jdk.internal.reflect.DelegatingMethodAccessorImpl","methodName":"invoke","fileName":"DelegatingMethodAccessorImpl.java","lineNumber":43,"format":2}],"rootCause":{"errorType":"org.openqa.selenium.NoSuchElementException","message":"Timed out after 2 seconds. Element not found\nFor documentation on this error, please visit: http://seleniumhq.org/exceptions/no_such_element.html\nBuild info: version: \u00273.7.1\u0027, revision: \u00278a0099a\u0027, time: \u00272017-11-06T21:01:39.354Z\u0027\nSystem info: host: \u00270000LPF16U5C7\u0027, ip: \u002710.101.110.173\u0027, os.name: \u0027Windows 10\u0027, os.arch: \u0027amd64\u0027, os.version: \u002710.0\u0027, java.version: \u002711.0.3\u0027\nDriver info: driver.version: unknown","stackTrace":[{"moduleName":"java.base","moduleVersion":"11.0.3","declaringClass":"jdk.internal.reflect.NativeMethodAccessorImpl","methodName":"invoke0","fileName":"NativeMethodAccessorImpl.java","lineNumber":-2,"format":2},{"moduleName":"java.base","moduleVersion":"11.0.3","declaringClass":"jdk.internal.reflect.NativeMethodAccessorImpl","methodName":"invoke","fileName":"NativeMethodAccessorImpl.java","lineNumber":62,"format":2},{"moduleName":"java.base","moduleVersion":"11.0.3","declaringClass":"jdk.internal.reflect.DelegatingMethodAccessorImpl","methodName":"invoke","fileName":"DelegatingMethodAccessorImpl.java","lineNumber":43,"format":2},{"classLoaderName":"app","declaringClass":"Testare.pages.DictionaryPage","methodName":"lookup_terms","fileName":"DictionaryPage.java","lineNumber":29,"format":1},{"classLoaderName":"app","declaringClass":"Testare.steps.serenity.EndUserSteps","methodName":"starts_search","fileName":"EndUserSteps.java","lineNumber":22,"format":1},{"classLoaderName":"app","declaringClass":"Testare.steps.serenity.EndUserSteps","methodName":"looks_for","fileName":"EndUserSteps.java","lineNumber":38,"format":1},{"classLoaderName":"app","declaringClass":"Testare.features.search.SearchByKeywordStory","methodName":"searching_by_keyword_apple_should_display_the_corresponding_article","fileName":"SearchByKeywordStory.java","lineNumber":28,"format":1},{"moduleName":"java.base","moduleVersion":"11.0.3","declaringClass":"jdk.internal.reflect.NativeMethodAccessorImpl","methodName":"invoke0","fileName":"NativeMethodAccessorImpl.java","lineNumber":-2,"format":2},{"moduleName":"java.base","moduleVersion":"11.0.3","declaringClass":"jdk.internal.reflect.NativeMethodAccessorImpl","methodName":"invoke","fileName":"NativeMethodAccessorImpl.java","lineNumber":62,"format":2},{"moduleName":"java.base","moduleVersion":"11.0.3","declaringClass":"jdk.internal.reflect.DelegatingMethodAccessorImpl","methodName":"invoke","fileName":"DelegatingMethodAccessorImpl.java","lineNumber":43,"format":2}]}}},"result":"FAILURE","precondition":false}]},{"number":5,"description":"Should see definition: A common, round fruit produced by the tree Malus domestica, cultivated in temperate climates.","duration":0,"startTime":"2019-08-14T11:23:41.116048800+03:00[Europe/Athens]","result":"SKIPPED","precondition":false}],"userStory":{"id":"Testare.features.search.SearchByKeywordStory","storyName":"Search by keyword story","storyClassName":"Testare.features.search.SearchByKeywordStory","path":"search","type":"story"},"featureTag":{"name":"Search by keyword story","type":"story"},"title":"Searching by keyword apple should display the corresponding article","coreIssues":["#WIKI-1"],"tags":[{"name":"Search","type":"feature"},{"name":"Search by keyword story","type":"story"}],"startTime":"2019-08-14T11:22:51.197836100+03:00[Europe/Athens]","duration":49933,"testFailureCause":{"errorType":"net.thucydides.core.webdriver.exceptions.ElementShouldBeEnabledException","message":"The following error occurred: The following error occurred: Expected enabled element was not enabled\nBuild info: version: \u00273.7.1\u0027, revision: \u00278a0099a\u0027, time: \u00272017-11-06T21:01:39.354Z\u0027\nSystem info: host: \u00270000LPF16U5C7\u0027, ip: \u002710.101.110.173\u0027, os.name: \u0027Windows 10\u0027, os.arch: \u0027amd64\u0027, os.version: \u002710.0\u0027, java.version: \u002711.0.3\u0027\nDriver info: driver.version: unknown","stackTrace":[{"moduleName":"java.base","moduleVersion":"11.0.3","declaringClass":"jdk.internal.reflect.NativeMethodAccessorImpl","methodName":"invoke0","fileName":"NativeMethodAccessorImpl.java","lineNumber":-2,"format":2},{"moduleName":"java.base","moduleVersion":"11.0.3","declaringClass":"jdk.internal.reflect.NativeMethodAccessorImpl","methodName":"invoke","fileName":"NativeMethodAccessorImpl.java","lineNumber":62,"format":2},{"moduleName":"java.base","moduleVersion":"11.0.3","declaringClass":"jdk.internal.reflect.DelegatingMethodAccessorImpl","methodName":"invoke","fileName":"DelegatingMethodAccessorImpl.java","lineNumber":43,"format":2},{"classLoaderName":"app","declaringClass":"Testare.pages.DictionaryPage","methodName":"lookup_terms","fileName":"DictionaryPage.java","lineNumber":29,"format":1},{"classLoaderName":"app","declaringClass":"Testare.steps.serenity.EndUserSteps","methodName":"starts_search","fileName":"EndUserSteps.java","lineNumber":22,"format":1},{"classLoaderName":"app","declaringClass":"Testare.steps.serenity.EndUserSteps","methodName":"looks_for","fileName":"EndUserSteps.java","lineNumber":38,"format":1},{"classLoaderName":"app","declaringClass":"Testare.features.search.SearchByKeywordStory","methodName":"searching_by_keyword_apple_should_display_the_corresponding_article","fileName":"SearchByKeywordStory.java","lineNumber":28,"format":1},{"moduleName":"java.base","moduleVersion":"11.0.3","declaringClass":"jdk.internal.reflect.NativeMethodAccessorImpl","methodName":"invoke0","fileName":"NativeMethodAccessorImpl.java","lineNumber":-2,"format":2},{"moduleName":"java.base","moduleVersion":"11.0.3","declaringClass":"jdk.internal.reflect.NativeMethodAccessorImpl","methodName":"invoke","fileName":"NativeMethodAccessorImpl.java","lineNumber":62,"format":2},{"moduleName":"java.base","moduleVersion":"11.0.3","declaringClass":"jdk.internal.reflect.DelegatingMethodAccessorImpl","methodName":"invoke","fileName":"DelegatingMethodAccessorImpl.java","lineNumber":43,"format":2}]},"testFailureClassname":"net.thucydides.core.webdriver.exceptions.ElementShouldBeEnabledException","testFailureMessage":"The following error occurred: The following error occurred: Expected enabled element was not enabled\nBuild info: version: \u00273.7.1\u0027, revision: \u00278a0099a\u0027, time: \u00272017-11-06T21:01:39.354Z\u0027\nSystem info: host: \u00270000LPF16U5C7\u0027, ip: \u002710.101.110.173\u0027, os.name: \u0027Windows 10\u0027, os.arch: \u0027amd64\u0027, os.version: \u002710.0\u0027, java.version: \u002711.0.3\u0027\nDriver info: driver.version: unknown","testFailureSummary":"FAILURE;net.thucydides.core.webdriver.exceptions.ElementShouldBeEnabledException;The following error occurred: The following error occurred: Expected enabled element was not enabled\nBuild info: version: \u00273.7.1\u0027, revision: \u00278a0099a\u0027, time: \u00272017-11-06T21:01:39.354Z\u0027\nSystem info: host: \u00270000LPF16U5C7\u0027, ip: \u002710.101.110.173\u0027, os.name: \u0027Windows 10\u0027, os.arch: \u0027amd64\u0027, os.version: \u002710.0\u0027, java.version: \u002711.0.3\u0027\nDriver info: driver.version: unknown;NativeMethodAccessorImpl.java","projectKey":"","annotatedResult":"FAILURE","sessionId":"a3b7aa85dfcaf3c6c63dbce1f8d4aba6","driver":"chrome","manual":false,"testSource":"JUnit","result":"FAILURE","issues":["#WIKI-1"]}