{"name":"test","id":"Testare.features.search.WizzLoginTest:test","testCaseName":"Testare.features.search.WizzLoginTest","testSteps":[{"number":1,"description":"Is the home page","duration":9190,"startTime":"2019-08-19T13:55:24.785655900+03:00[Europe/Athens]","screenshots":[{"screenshot":"acc0d3db16eed715f9a4bb1bdf87ee6d45b694f3e3b32bab8e6864e30c6fa1c4.png"}],"result":"SUCCESS","precondition":false},{"number":2,"description":"Log in wizz: the_samoan_radu@yahoo.com, TestareBT1","duration":12200,"startTime":"2019-08-19T13:55:33.991716400+03:00[Europe/Athens]","screenshots":[{"screenshot":"244064750209edbf1b0a60075befe4febb6a5e8e9b4e93c6d400f16945290e8f.png","htmlSource":"pagesource7037886663285680668.html.txt"}],"exception":{"errorType":"net.thucydides.core.webdriver.exceptions.ElementShouldBeEnabledException","message":"The following error occurred: Expected enabled element was not enabled","stackTrace":[{"moduleName":"java.base","moduleVersion":"11.0.3","declaringClass":"jdk.internal.reflect.NativeMethodAccessorImpl","methodName":"invoke0","fileName":"NativeMethodAccessorImpl.java","lineNumber":-2,"format":2},{"moduleName":"java.base","moduleVersion":"11.0.3","declaringClass":"jdk.internal.reflect.NativeMethodAccessorImpl","methodName":"invoke","fileName":"NativeMethodAccessorImpl.java","lineNumber":62,"format":2},{"moduleName":"java.base","moduleVersion":"11.0.3","declaringClass":"jdk.internal.reflect.DelegatingMethodAccessorImpl","methodName":"invoke","fileName":"DelegatingMethodAccessorImpl.java","lineNumber":43,"format":2},{"classLoaderName":"app","declaringClass":"Testare.pages.WizzLogInPage","methodName":"clickLanguage","fileName":"WizzLogInPage.java","lineNumber":77,"format":1},{"classLoaderName":"app","declaringClass":"Testare.steps.serenity.WizzLoginSteps","methodName":"logInWizz","fileName":"WizzLoginSteps.java","lineNumber":24,"format":1},{"classLoaderName":"app","declaringClass":"Testare.features.search.WizzLoginTest","methodName":"test","fileName":"WizzLoginTest.java","lineNumber":28,"format":1},{"moduleName":"java.base","moduleVersion":"11.0.3","declaringClass":"jdk.internal.reflect.NativeMethodAccessorImpl","methodName":"invoke0","fileName":"NativeMethodAccessorImpl.java","lineNumber":-2,"format":2},{"moduleName":"java.base","moduleVersion":"11.0.3","declaringClass":"jdk.internal.reflect.NativeMethodAccessorImpl","methodName":"invoke","fileName":"NativeMethodAccessorImpl.java","lineNumber":62,"format":2},{"moduleName":"java.base","moduleVersion":"11.0.3","declaringClass":"jdk.internal.reflect.DelegatingMethodAccessorImpl","methodName":"invoke","fileName":"DelegatingMethodAccessorImpl.java","lineNumber":43,"format":2}],"rootCause":{"errorType":"org.openqa.selenium.TimeoutException","message":"Expected condition failed: waiting for WizzLogInPage.languageButton to be enabled (tried for 5 second(s) with 100 MILLISECONDS interval)","stackTrace":[{"moduleName":"java.base","moduleVersion":"11.0.3","declaringClass":"jdk.internal.reflect.NativeMethodAccessorImpl","methodName":"invoke0","fileName":"NativeMethodAccessorImpl.java","lineNumber":-2,"format":2},{"moduleName":"java.base","moduleVersion":"11.0.3","declaringClass":"jdk.internal.reflect.NativeMethodAccessorImpl","methodName":"invoke","fileName":"NativeMethodAccessorImpl.java","lineNumber":62,"format":2},{"moduleName":"java.base","moduleVersion":"11.0.3","declaringClass":"jdk.internal.reflect.DelegatingMethodAccessorImpl","methodName":"invoke","fileName":"DelegatingMethodAccessorImpl.java","lineNumber":43,"format":2},{"classLoaderName":"app","declaringClass":"Testare.pages.WizzLogInPage","methodName":"clickLanguage","fileName":"WizzLogInPage.java","lineNumber":77,"format":1},{"classLoaderName":"app","declaringClass":"Testare.steps.serenity.WizzLoginSteps","methodName":"logInWizz","fileName":"WizzLoginSteps.java","lineNumber":24,"format":1},{"classLoaderName":"app","declaringClass":"Testare.features.search.WizzLoginTest","methodName":"test","fileName":"WizzLoginTest.java","lineNumber":28,"format":1},{"moduleName":"java.base","moduleVersion":"11.0.3","declaringClass":"jdk.internal.reflect.NativeMethodAccessorImpl","methodName":"invoke0","fileName":"NativeMethodAccessorImpl.java","lineNumber":-2,"format":2},{"moduleName":"java.base","moduleVersion":"11.0.3","declaringClass":"jdk.internal.reflect.NativeMethodAccessorImpl","methodName":"invoke","fileName":"NativeMethodAccessorImpl.java","lineNumber":62,"format":2},{"moduleName":"java.base","moduleVersion":"11.0.3","declaringClass":"jdk.internal.reflect.DelegatingMethodAccessorImpl","methodName":"invoke","fileName":"DelegatingMethodAccessorImpl.java","lineNumber":43,"format":2}],"rootCause":{"errorType":"org.openqa.selenium.NoSuchElementException","message":"Timed out after 2 seconds. Element not found\nFor documentation on this error, please visit: http://seleniumhq.org/exceptions/no_such_element.html\nBuild info: version: \u00273.7.1\u0027, revision: \u00278a0099a\u0027, time: \u00272017-11-06T21:01:39.354Z\u0027\nSystem info: host: \u00270000LPF16U5CD\u0027, ip: \u002710.101.110.172\u0027, os.name: \u0027Windows 10\u0027, os.arch: \u0027amd64\u0027, os.version: \u002710.0\u0027, java.version: \u002711.0.3\u0027\nDriver info: driver.version: unknown","stackTrace":[{"moduleName":"java.base","moduleVersion":"11.0.3","declaringClass":"jdk.internal.reflect.NativeMethodAccessorImpl","methodName":"invoke0","fileName":"NativeMethodAccessorImpl.java","lineNumber":-2,"format":2},{"moduleName":"java.base","moduleVersion":"11.0.3","declaringClass":"jdk.internal.reflect.NativeMethodAccessorImpl","methodName":"invoke","fileName":"NativeMethodAccessorImpl.java","lineNumber":62,"format":2},{"moduleName":"java.base","moduleVersion":"11.0.3","declaringClass":"jdk.internal.reflect.DelegatingMethodAccessorImpl","methodName":"invoke","fileName":"DelegatingMethodAccessorImpl.java","lineNumber":43,"format":2},{"classLoaderName":"app","declaringClass":"Testare.pages.WizzLogInPage","methodName":"clickLanguage","fileName":"WizzLogInPage.java","lineNumber":77,"format":1},{"classLoaderName":"app","declaringClass":"Testare.steps.serenity.WizzLoginSteps","methodName":"logInWizz","fileName":"WizzLoginSteps.java","lineNumber":24,"format":1},{"classLoaderName":"app","declaringClass":"Testare.features.search.WizzLoginTest","methodName":"test","fileName":"WizzLoginTest.java","lineNumber":28,"format":1},{"moduleName":"java.base","moduleVersion":"11.0.3","declaringClass":"jdk.internal.reflect.NativeMethodAccessorImpl","methodName":"invoke0","fileName":"NativeMethodAccessorImpl.java","lineNumber":-2,"format":2},{"moduleName":"java.base","moduleVersion":"11.0.3","declaringClass":"jdk.internal.reflect.NativeMethodAccessorImpl","methodName":"invoke","fileName":"NativeMethodAccessorImpl.java","lineNumber":62,"format":2},{"moduleName":"java.base","moduleVersion":"11.0.3","declaringClass":"jdk.internal.reflect.DelegatingMethodAccessorImpl","methodName":"invoke","fileName":"DelegatingMethodAccessorImpl.java","lineNumber":43,"format":2}]}}},"result":"FAILURE","precondition":false}],"userStory":{"id":"Testare.features.search.WizzLoginTest","storyName":"Wizz login test","storyClassName":"Testare.features.search.WizzLoginTest","path":"search","type":"story"},"featureTag":{"name":"Wizz login test","type":"story"},"title":"Test","tags":[{"name":"Search","type":"feature"},{"name":"Wizz login test","type":"story"}],"startTime":"2019-08-19T13:55:24.653308800+03:00[Europe/Athens]","duration":31549,"testFailureCause":{"errorType":"net.thucydides.core.webdriver.exceptions.ElementShouldBeEnabledException","message":"The following error occurred: The following error occurred: Expected enabled element was not enabled\nBuild info: version: \u00273.7.1\u0027, revision: \u00278a0099a\u0027, time: \u00272017-11-06T21:01:39.354Z\u0027\nSystem info: host: \u00270000LPF16U5CD\u0027, ip: \u002710.101.110.172\u0027, os.name: \u0027Windows 10\u0027, os.arch: \u0027amd64\u0027, os.version: \u002710.0\u0027, java.version: \u002711.0.3\u0027\nDriver info: driver.version: unknown","stackTrace":[{"moduleName":"java.base","moduleVersion":"11.0.3","declaringClass":"jdk.internal.reflect.NativeMethodAccessorImpl","methodName":"invoke0","fileName":"NativeMethodAccessorImpl.java","lineNumber":-2,"format":2},{"moduleName":"java.base","moduleVersion":"11.0.3","declaringClass":"jdk.internal.reflect.NativeMethodAccessorImpl","methodName":"invoke","fileName":"NativeMethodAccessorImpl.java","lineNumber":62,"format":2},{"moduleName":"java.base","moduleVersion":"11.0.3","declaringClass":"jdk.internal.reflect.DelegatingMethodAccessorImpl","methodName":"invoke","fileName":"DelegatingMethodAccessorImpl.java","lineNumber":43,"format":2},{"classLoaderName":"app","declaringClass":"Testare.pages.WizzLogInPage","methodName":"clickLanguage","fileName":"WizzLogInPage.java","lineNumber":77,"format":1},{"classLoaderName":"app","declaringClass":"Testare.steps.serenity.WizzLoginSteps","methodName":"logInWizz","fileName":"WizzLoginSteps.java","lineNumber":24,"format":1},{"classLoaderName":"app","declaringClass":"Testare.features.search.WizzLoginTest","methodName":"test","fileName":"WizzLoginTest.java","lineNumber":28,"format":1},{"moduleName":"java.base","moduleVersion":"11.0.3","declaringClass":"jdk.internal.reflect.NativeMethodAccessorImpl","methodName":"invoke0","fileName":"NativeMethodAccessorImpl.java","lineNumber":-2,"format":2},{"moduleName":"java.base","moduleVersion":"11.0.3","declaringClass":"jdk.internal.reflect.NativeMethodAccessorImpl","methodName":"invoke","fileName":"NativeMethodAccessorImpl.java","lineNumber":62,"format":2},{"moduleName":"java.base","moduleVersion":"11.0.3","declaringClass":"jdk.internal.reflect.DelegatingMethodAccessorImpl","methodName":"invoke","fileName":"DelegatingMethodAccessorImpl.java","lineNumber":43,"format":2}]},"testFailureClassname":"net.thucydides.core.webdriver.exceptions.ElementShouldBeEnabledException","testFailureMessage":"The following error occurred: The following error occurred: Expected enabled element was not enabled\nBuild info: version: \u00273.7.1\u0027, revision: \u00278a0099a\u0027, time: \u00272017-11-06T21:01:39.354Z\u0027\nSystem info: host: \u00270000LPF16U5CD\u0027, ip: \u002710.101.110.172\u0027, os.name: \u0027Windows 10\u0027, os.arch: \u0027amd64\u0027, os.version: \u002710.0\u0027, java.version: \u002711.0.3\u0027\nDriver info: driver.version: unknown","testFailureSummary":"FAILURE;net.thucydides.core.webdriver.exceptions.ElementShouldBeEnabledException;The following error occurred: The following error occurred: Expected enabled element was not enabled\nBuild info: version: \u00273.7.1\u0027, revision: \u00278a0099a\u0027, time: \u00272017-11-06T21:01:39.354Z\u0027\nSystem info: host: \u00270000LPF16U5CD\u0027, ip: \u002710.101.110.172\u0027, os.name: \u0027Windows 10\u0027, os.arch: \u0027amd64\u0027, os.version: \u002710.0\u0027, java.version: \u002711.0.3\u0027\nDriver info: driver.version: unknown;NativeMethodAccessorImpl.java","projectKey":"","annotatedResult":"FAILURE","sessionId":"b1ac795398e400e9b755d419b81c94a3","driver":"chrome","manual":false,"testSource":"JUnit","result":"FAILURE"}