{"name":"GmailLogIn","id":"Testare.features.search.LibrisTest:GmailLogIn","testCaseName":"Testare.features.search.LibrisTest","testSteps":[{"number":1,"description":"Is the home page","duration":5725,"startTime":"2019-08-19T12:23:18.291974600+03:00[Europe/Athens]","screenshots":[{"screenshot":"6a2da414e689579f14bfc38ec2d5392ecb6319e5783e5ed978abfaecee98ffb1.png"}],"result":"SUCCESS","precondition":false},{"number":2,"description":"Login gmail: testarelaurentiu@gmail.com, AstaEParola","duration":9814,"startTime":"2019-08-19T12:23:24.033230100+03:00[Europe/Athens]","screenshots":[{"screenshot":"205dbe977434effee80a9dada3e17fde9423d29f188d9e4ccc0fea7a62976b57.png","htmlSource":"pagesource4200637908636475066.html.txt"}],"exception":{"errorType":"net.thucydides.core.webdriver.exceptions.ElementShouldBeEnabledException","message":"The following error occurred: Expected enabled element was not enabled","stackTrace":[{"moduleName":"java.base","moduleVersion":"11.0.3","declaringClass":"jdk.internal.reflect.NativeMethodAccessorImpl","methodName":"invoke0","fileName":"NativeMethodAccessorImpl.java","lineNumber":-2,"format":2},{"moduleName":"java.base","moduleVersion":"11.0.3","declaringClass":"jdk.internal.reflect.NativeMethodAccessorImpl","methodName":"invoke","fileName":"NativeMethodAccessorImpl.java","lineNumber":62,"format":2},{"moduleName":"java.base","moduleVersion":"11.0.3","declaringClass":"jdk.internal.reflect.DelegatingMethodAccessorImpl","methodName":"invoke","fileName":"DelegatingMethodAccessorImpl.java","lineNumber":43,"format":2},{"classLoaderName":"app","declaringClass":"Testare.pages.LibrisPage","methodName":"enterEmail","fileName":"LibrisPage.java","lineNumber":39,"format":1},{"classLoaderName":"app","declaringClass":"Testare.steps.serenity.LibrisSteps","methodName":"loginGmail","fileName":"LibrisSteps.java","lineNumber":25,"format":1},{"classLoaderName":"app","declaringClass":"Testare.features.search.LibrisTest","methodName":"GmailLogIn","fileName":"LibrisTest.java","lineNumber":26,"format":1},{"moduleName":"java.base","moduleVersion":"11.0.3","declaringClass":"jdk.internal.reflect.NativeMethodAccessorImpl","methodName":"invoke0","fileName":"NativeMethodAccessorImpl.java","lineNumber":-2,"format":2},{"moduleName":"java.base","moduleVersion":"11.0.3","declaringClass":"jdk.internal.reflect.NativeMethodAccessorImpl","methodName":"invoke","fileName":"NativeMethodAccessorImpl.java","lineNumber":62,"format":2},{"moduleName":"java.base","moduleVersion":"11.0.3","declaringClass":"jdk.internal.reflect.DelegatingMethodAccessorImpl","methodName":"invoke","fileName":"DelegatingMethodAccessorImpl.java","lineNumber":43,"format":2}],"rootCause":{"errorType":"org.openqa.selenium.TimeoutException","message":"Expected condition failed: waiting for LibrisPage.inputEmail to be enabled (tried for 5 second(s) with 100 MILLISECONDS interval)","stackTrace":[{"moduleName":"java.base","moduleVersion":"11.0.3","declaringClass":"jdk.internal.reflect.NativeMethodAccessorImpl","methodName":"invoke0","fileName":"NativeMethodAccessorImpl.java","lineNumber":-2,"format":2},{"moduleName":"java.base","moduleVersion":"11.0.3","declaringClass":"jdk.internal.reflect.NativeMethodAccessorImpl","methodName":"invoke","fileName":"NativeMethodAccessorImpl.java","lineNumber":62,"format":2},{"moduleName":"java.base","moduleVersion":"11.0.3","declaringClass":"jdk.internal.reflect.DelegatingMethodAccessorImpl","methodName":"invoke","fileName":"DelegatingMethodAccessorImpl.java","lineNumber":43,"format":2},{"classLoaderName":"app","declaringClass":"Testare.pages.LibrisPage","methodName":"enterEmail","fileName":"LibrisPage.java","lineNumber":39,"format":1},{"classLoaderName":"app","declaringClass":"Testare.steps.serenity.LibrisSteps","methodName":"loginGmail","fileName":"LibrisSteps.java","lineNumber":25,"format":1},{"classLoaderName":"app","declaringClass":"Testare.features.search.LibrisTest","methodName":"GmailLogIn","fileName":"LibrisTest.java","lineNumber":26,"format":1},{"moduleName":"java.base","moduleVersion":"11.0.3","declaringClass":"jdk.internal.reflect.NativeMethodAccessorImpl","methodName":"invoke0","fileName":"NativeMethodAccessorImpl.java","lineNumber":-2,"format":2},{"moduleName":"java.base","moduleVersion":"11.0.3","declaringClass":"jdk.internal.reflect.NativeMethodAccessorImpl","methodName":"invoke","fileName":"NativeMethodAccessorImpl.java","lineNumber":62,"format":2},{"moduleName":"java.base","moduleVersion":"11.0.3","declaringClass":"jdk.internal.reflect.DelegatingMethodAccessorImpl","methodName":"invoke","fileName":"DelegatingMethodAccessorImpl.java","lineNumber":43,"format":2}],"rootCause":{"errorType":"org.openqa.selenium.NoSuchElementException","message":"Timed out after 2 seconds. Element not found\nFor documentation on this error, please visit: http://seleniumhq.org/exceptions/no_such_element.html\nBuild info: version: \u00273.7.1\u0027, revision: \u00278a0099a\u0027, time: \u00272017-11-06T21:01:39.354Z\u0027\nSystem info: host: \u00270000LPF16U5DJ\u0027, ip: \u002710.101.110.170\u0027, os.name: \u0027Windows 10\u0027, os.arch: \u0027amd64\u0027, os.version: \u002710.0\u0027, java.version: \u002711.0.3\u0027\nDriver info: driver.version: unknown","stackTrace":[{"moduleName":"java.base","moduleVersion":"11.0.3","declaringClass":"jdk.internal.reflect.NativeMethodAccessorImpl","methodName":"invoke0","fileName":"NativeMethodAccessorImpl.java","lineNumber":-2,"format":2},{"moduleName":"java.base","moduleVersion":"11.0.3","declaringClass":"jdk.internal.reflect.NativeMethodAccessorImpl","methodName":"invoke","fileName":"NativeMethodAccessorImpl.java","lineNumber":62,"format":2},{"moduleName":"java.base","moduleVersion":"11.0.3","declaringClass":"jdk.internal.reflect.DelegatingMethodAccessorImpl","methodName":"invoke","fileName":"DelegatingMethodAccessorImpl.java","lineNumber":43,"format":2},{"classLoaderName":"app","declaringClass":"Testare.pages.LibrisPage","methodName":"enterEmail","fileName":"LibrisPage.java","lineNumber":39,"format":1},{"classLoaderName":"app","declaringClass":"Testare.steps.serenity.LibrisSteps","methodName":"loginGmail","fileName":"LibrisSteps.java","lineNumber":25,"format":1},{"classLoaderName":"app","declaringClass":"Testare.features.search.LibrisTest","methodName":"GmailLogIn","fileName":"LibrisTest.java","lineNumber":26,"format":1},{"moduleName":"java.base","moduleVersion":"11.0.3","declaringClass":"jdk.internal.reflect.NativeMethodAccessorImpl","methodName":"invoke0","fileName":"NativeMethodAccessorImpl.java","lineNumber":-2,"format":2},{"moduleName":"java.base","moduleVersion":"11.0.3","declaringClass":"jdk.internal.reflect.NativeMethodAccessorImpl","methodName":"invoke","fileName":"NativeMethodAccessorImpl.java","lineNumber":62,"format":2},{"moduleName":"java.base","moduleVersion":"11.0.3","declaringClass":"jdk.internal.reflect.DelegatingMethodAccessorImpl","methodName":"invoke","fileName":"DelegatingMethodAccessorImpl.java","lineNumber":43,"format":2}]}}},"result":"FAILURE","precondition":false}],"userStory":{"id":"Testare.features.search.LibrisTest","storyName":"Libris test","storyClassName":"Testare.features.search.LibrisTest","path":"search","type":"story"},"featureTag":{"name":"Libris test","type":"story"},"title":"Gmail log in","tags":[{"name":"Search","type":"feature"},{"name":"Libris test","type":"story"}],"startTime":"2019-08-19T12:23:18.175197500+03:00[Europe/Athens]","duration":15672,"testFailureCause":{"errorType":"net.thucydides.core.webdriver.exceptions.ElementShouldBeEnabledException","message":"The following error occurred: The following error occurred: Expected enabled element was not enabled\nBuild info: version: \u00273.7.1\u0027, revision: \u00278a0099a\u0027, time: \u00272017-11-06T21:01:39.354Z\u0027\nSystem info: host: \u00270000LPF16U5DJ\u0027, ip: \u002710.101.110.170\u0027, os.name: \u0027Windows 10\u0027, os.arch: \u0027amd64\u0027, os.version: \u002710.0\u0027, java.version: \u002711.0.3\u0027\nDriver info: driver.version: unknown","stackTrace":[{"moduleName":"java.base","moduleVersion":"11.0.3","declaringClass":"jdk.internal.reflect.NativeMethodAccessorImpl","methodName":"invoke0","fileName":"NativeMethodAccessorImpl.java","lineNumber":-2,"format":2},{"moduleName":"java.base","moduleVersion":"11.0.3","declaringClass":"jdk.internal.reflect.NativeMethodAccessorImpl","methodName":"invoke","fileName":"NativeMethodAccessorImpl.java","lineNumber":62,"format":2},{"moduleName":"java.base","moduleVersion":"11.0.3","declaringClass":"jdk.internal.reflect.DelegatingMethodAccessorImpl","methodName":"invoke","fileName":"DelegatingMethodAccessorImpl.java","lineNumber":43,"format":2},{"classLoaderName":"app","declaringClass":"Testare.pages.LibrisPage","methodName":"enterEmail","fileName":"LibrisPage.java","lineNumber":39,"format":1},{"classLoaderName":"app","declaringClass":"Testare.steps.serenity.LibrisSteps","methodName":"loginGmail","fileName":"LibrisSteps.java","lineNumber":25,"format":1},{"classLoaderName":"app","declaringClass":"Testare.features.search.LibrisTest","methodName":"GmailLogIn","fileName":"LibrisTest.java","lineNumber":26,"format":1},{"moduleName":"java.base","moduleVersion":"11.0.3","declaringClass":"jdk.internal.reflect.NativeMethodAccessorImpl","methodName":"invoke0","fileName":"NativeMethodAccessorImpl.java","lineNumber":-2,"format":2},{"moduleName":"java.base","moduleVersion":"11.0.3","declaringClass":"jdk.internal.reflect.NativeMethodAccessorImpl","methodName":"invoke","fileName":"NativeMethodAccessorImpl.java","lineNumber":62,"format":2},{"moduleName":"java.base","moduleVersion":"11.0.3","declaringClass":"jdk.internal.reflect.DelegatingMethodAccessorImpl","methodName":"invoke","fileName":"DelegatingMethodAccessorImpl.java","lineNumber":43,"format":2}]},"testFailureClassname":"net.thucydides.core.webdriver.exceptions.ElementShouldBeEnabledException","testFailureMessage":"The following error occurred: The following error occurred: Expected enabled element was not enabled\nBuild info: version: \u00273.7.1\u0027, revision: \u00278a0099a\u0027, time: \u00272017-11-06T21:01:39.354Z\u0027\nSystem info: host: \u00270000LPF16U5DJ\u0027, ip: \u002710.101.110.170\u0027, os.name: \u0027Windows 10\u0027, os.arch: \u0027amd64\u0027, os.version: \u002710.0\u0027, java.version: \u002711.0.3\u0027\nDriver info: driver.version: unknown","testFailureSummary":"FAILURE;net.thucydides.core.webdriver.exceptions.ElementShouldBeEnabledException;The following error occurred: The following error occurred: Expected enabled element was not enabled\nBuild info: version: \u00273.7.1\u0027, revision: \u00278a0099a\u0027, time: \u00272017-11-06T21:01:39.354Z\u0027\nSystem info: host: \u00270000LPF16U5DJ\u0027, ip: \u002710.101.110.170\u0027, os.name: \u0027Windows 10\u0027, os.arch: \u0027amd64\u0027, os.version: \u002710.0\u0027, java.version: \u002711.0.3\u0027\nDriver info: driver.version: unknown;NativeMethodAccessorImpl.java","projectKey":"","annotatedResult":"FAILURE","sessionId":"28a6f395281e8977426071506c4880d9","driver":"chrome","manual":false,"testSource":"JUnit","result":"FAILURE"}